<?xml version="1.0" encoding="UTF-8"?>
<testng-results skipped="0" failed="0" ignored="0" total="1" passed="1">
  <reporter-output>
  </reporter-output>
  <suite name="Command line suite" duration-ms="4212" started-at="2019-03-31T07:53:25Z" finished-at="2019-03-31T07:53:29Z">
    <groups>
    </groups>
    <test name="Command line test" duration-ms="4212" started-at="2019-03-31T07:53:25Z" finished-at="2019-03-31T07:53:29Z">
      <class name="NewTest">
        <test-method status="PASS" signature="beforeTest()[pri:0, instance:NewTest@2ef9b8bc]" name="beforeTest" is-config="true" duration-ms="2889" started-at="2019-03-31T07:53:25Z" finished-at="2019-03-31T07:53:28Z">
          <reporter-output>
          </reporter-output>
        </test-method> <!-- beforeTest -->
        <test-method status="PASS" signature="test()[pri:0, instance:NewTest@2ef9b8bc]" name="test" duration-ms="1179" started-at="2019-03-31T07:53:28Z" finished-at="2019-03-31T07:53:29Z">
          <reporter-output>
          </reporter-output>
        </test-method> <!-- test -->
        <test-method status="PASS" signature="afterTest()[pri:0, instance:NewTest@2ef9b8bc]" name="afterTest" is-config="true" duration-ms="103" started-at="2019-03-31T07:53:29Z" finished-at="2019-03-31T07:53:29Z">
          <reporter-output>
          </reporter-output>
        </test-method> <!-- afterTest -->
      </class> <!-- NewTest -->
    </test> <!-- Command line test -->
  </suite> <!-- Command line suite -->
</testng-results>
